<?xml version="1.0" encoding="UTF-8"?>
<!-- Generated by org.testng.reporters.JUnitXMLReporter -->
<testsuite hostname="cod310118" name="Surefire test" tests="5" failures="2" timestamp="5 Mar 2018 08:26:08 GMT" time="14.123" errors="0">
  <testcase name="LanguageTest" time="3.433" classname="autotest.yandex.YandexMainPageTest"/>
  <testcase name="WeatherTest" time="1.424" classname="autotest.yandex.YandexMainPageTest"/>
  <testcase name="ProductsCountTest" time="0.023" classname="autotest.yandex.YandexMarketTest">
    <failure type="java.lang.AssertionError" message="expected [12] but found [48]">
      <![CDATA[java.lang.AssertionError: expected [12] but found [48]
	at autotest.yandex.YandexMarketTest.ProductsCountTest(YandexMarketTest.java:30)
... Removed 33 stack frames]]>
    </failure>
  </testcase> <!-- ProductsCountTest -->
  <testcase name="SortingAscTest" time="2.678" classname="autotest.yandex.YandexMarketTest">
    <failure type="java.lang.AssertionError" message="Lists differ at element [0]: 12 395 � != 18 890 � expected [12 395 �] but found [18 890 �]">
      <![CDATA[java.lang.AssertionError: Lists differ at element [0]: 12 395 � != 18 890 � expected [12 395 �] but found [18 890 �]
	at autotest.yandex.YandexMarketTest.SortingAscTest(YandexMarketTest.java:41)
... Removed 33 stack frames]]>
    </failure>
  </testcase> <!-- SortingAscTest -->
  <testcase name="SortingDescTest" time="2.505" classname="autotest.yandex.YandexMarketTest"/>
</testsuite> <!-- Surefire test -->
